<?xml version="1.0" encoding="UTF-8" ?>
<testsuite tests="1" failures="0" name="test.net.netca.bpms.common.d2barcodes.TestD2Decoder" time="0.25" errors="0" skipped="0">
  <properties>
    <property name="java.runtime.name" value="Java(TM) SE Runtime Environment"/>
    <property name="sun.boot.library.path" value="D:\Program Files\MyEclipse2016\binary\com.sun.java.jdk8.win32.x86_64_1.8.0.u66\jre\bin"/>
    <property name="java.vm.version" value="25.66-b17"/>
    <property name="java.vm.vendor" value="Oracle Corporation"/>
    <property name="maven.multiModuleProjectDirectory" value="D:\Users\Administrator\Workspaces2016\bpms\d2barcodes"/>
    <property name="java.vendor.url" value="http://java.oracle.com/"/>
    <property name="path.separator" value=";"/>
    <property name="guice.disable.misplaced.annotation.check" value="true"/>
    <property name="java.vm.name" value="Java HotSpot(TM) 64-Bit Server VM"/>
    <property name="file.encoding.pkg" value="sun.io"/>
    <property name="user.script" value=""/>
    <property name="user.country" value="CN"/>
    <property name="sun.java.launcher" value="SUN_STANDARD"/>
    <property name="sun.os.patch.level" value=""/>
    <property name="java.vm.specification.name" value="Java Virtual Machine Specification"/>
    <property name="user.dir" value="D:\Users\Administrator\Workspaces2016\bpms\d2barcodes"/>
    <property name="java.runtime.version" value="1.8.0_66-b17"/>
    <property name="java.awt.graphicsenv" value="sun.awt.Win32GraphicsEnvironment"/>
    <property name="java.endorsed.dirs" value="D:\Program Files\MyEclipse2016\binary\com.sun.java.jdk8.win32.x86_64_1.8.0.u66\jre\lib\endorsed"/>
    <property name="os.arch" value="amd64"/>
    <property name="java.io.tmpdir" value="C:\Users\ADMINI~1\AppData\Local\Temp\"/>
    <property name="line.separator" value="
"/>
    <property name="java.vm.specification.vendor" value="Oracle Corporation"/>
    <property name="user.variant" value=""/>
    <property name="os.name" value="Windows 10"/>
    <property name="classworlds.conf" value="D:\Users\Administrator\Workspaces2016\bpms\.metadata\.plugins\org.eclipse.m2e.launching\launches\m2conf6795651891711872399.tmp"/>
    <property name="sun.jnu.encoding" value="GBK"/>
    <property name="java.library.path" value="D:\Program Files\MyEclipse2016\binary\com.sun.java.jdk8.win32.x86_64_1.8.0.u66\bin;C:\WINDOWS\Sun\Java\bin;C:\WINDOWS\system32;C:\WINDOWS;C:\ProgramData\Oracle\Java\javapath;D:\Python27\;D:\Python27\Scripts;E:\oracle\ora92\bin;C:\Program Files (x86)\Oracle\jre\1.1.8\bin;C:\WINDOWS\system32;C:\WINDOWS;C:\WINDOWS\System32\Wbem;C:\WINDOWS\System32\WindowsPowerShell\v1.0\;C:\Program Files (x86)\Microsoft SQL Server\100\Tools\Binn\;C:\Program Files\Microsoft SQL Server\100\Tools\Binn\;C:\Program Files\Microsoft SQL Server\100\DTS\Binn\;C:\Program Files\Microsoft\Web Platform Installer\;E:\应用程序;%J;A_HOME%\bin;D:\Program Files (x86)\apache-ant-1.9.6\bin;D:\Java\64\jdk1.8.0_92\bin;C:\Program Files (x86)\MIT\Kerberos\bin;C:\Program Files (x86)\Calibre2\;C:\Program Files (x86)\Microsoft SQL Server\100\Tools\Binn\VSShell\Common7\IDE\;C:\Program Files (x86)\Microsoft SQL Server\100\DTS\Binn\;C:\Program Files (x86)\Microsoft Visual Studio 9.0\Common7\IDE\PrivateAssemblies\;D:\TortoiseSVN\bin;D:\Program Files (x86)\instantclient_11_2;d:\Program Files (x86)\Tesseract-OCR;D:\Program Files (x86)\apache-maven-3.3.9\bin;D:\Program Files\nodejs\;d:\Program Files\Git\cmd;D:\Program Files (x86)\VisualSVN\bin;D:\Program Files\MongoDB\Server\3.2\bin;E:\web-server\gradle-3.0\bin;C:\Program Files (x86)\SSH Communications Security\SSH Secure Shell;D:\Program Files\sqlite3;D:\cywin64\bin;C:\Users\Administrator\AppData\Roaming\npm;."/>
    <property name="java.specification.name" value="Java Platform API Specification"/>
    <property name="java.class.version" value="52.0"/>
    <property name="sun.management.compiler" value="HotSpot 64-Bit Tiered Compilers"/>
    <property name="os.version" value="10.0"/>
    <property name="user.home" value="C:\Users\Administrator"/>
    <property name="user.timezone" value="Asia/Shanghai"/>
    <property name="java.awt.printerjob" value="sun.awt.windows.WPrinterJob"/>
    <property name="java.specification.version" value="1.8"/>
    <property name="file.encoding" value="UTF-8"/>
    <property name="user.name" value="Administrator"/>
    <property name="java.class.path" value="D:\Program Files (x86)\apache-maven-3.3.9\boot\plexus-classworlds-2.5.2.jar"/>
    <property name="java.vm.specification.version" value="1.8"/>
    <property name="sun.arch.data.model" value="64"/>
    <property name="java.home" value="D:\Program Files\MyEclipse2016\binary\com.sun.java.jdk8.win32.x86_64_1.8.0.u66\jre"/>
    <property name="sun.java.command" value="org.codehaus.plexus.classworlds.launcher.Launcher -B test"/>
    <property name="java.specification.vendor" value="Oracle Corporation"/>
    <property name="user.language" value="zh"/>
    <property name="awt.toolkit" value="sun.awt.windows.WToolkit"/>
    <property name="java.vm.info" value="mixed mode"/>
    <property name="java.version" value="1.8.0_66"/>
    <property name="java.ext.dirs" value="D:\Program Files\MyEclipse2016\binary\com.sun.java.jdk8.win32.x86_64_1.8.0.u66\jre\lib\ext;C:\WINDOWS\Sun\Java\lib\ext"/>
    <property name="sun.boot.class.path" value="D:\Program Files\MyEclipse2016\binary\com.sun.java.jdk8.win32.x86_64_1.8.0.u66\jre\lib\resources.jar;D:\Program Files\MyEclipse2016\binary\com.sun.java.jdk8.win32.x86_64_1.8.0.u66\jre\lib\rt.jar;D:\Program Files\MyEclipse2016\binary\com.sun.java.jdk8.win32.x86_64_1.8.0.u66\jre\lib\sunrsasign.jar;D:\Program Files\MyEclipse2016\binary\com.sun.java.jdk8.win32.x86_64_1.8.0.u66\jre\lib\jsse.jar;D:\Program Files\MyEclipse2016\binary\com.sun.java.jdk8.win32.x86_64_1.8.0.u66\jre\lib\jce.jar;D:\Program Files\MyEclipse2016\binary\com.sun.java.jdk8.win32.x86_64_1.8.0.u66\jre\lib\charsets.jar;D:\Program Files\MyEclipse2016\binary\com.sun.java.jdk8.win32.x86_64_1.8.0.u66\jre\lib\jfr.jar;D:\Program Files\MyEclipse2016\binary\com.sun.java.jdk8.win32.x86_64_1.8.0.u66\jre\classes"/>
    <property name="java.vendor" value="Oracle Corporation"/>
    <property name="maven.home" value="D:\Program Files (x86)\apache-maven-3.3.9"/>
    <property name="file.separator" value="\"/>
    <property name="java.vendor.url.bug" value="http://bugreport.sun.com/bugreport/"/>
    <property name="sun.cpu.endian" value="little"/>
    <property name="sun.io.unicode.encoding" value="UnicodeLittle"/>
    <property name="sun.desktop" value="windows"/>
    <property name="sun.cpu.isalist" value="amd64"/>
  </properties>
  <testcase classname="test.net.netca.bpms.common.d2barcodes.TestD2Decoder" name="testDecode" time="0.25"/>
</testsuite>